build/app/intermediates/manifest_merge_blame_file/debug/manifest-merger-blame-debug-report.txt
1<?xml version="1.0" encoding="utf-8"?>
2<manifest xmlns:android="http://schemas.android.com/apk/res/android"
3    package="com.lemonadesocial.app"
4    android:versionCode="1"
5    android:versionName="1.0.0" >
6
7    <uses-sdk
8        android:minSdkVersion="18"
9        android:targetSdkVersion="33" />
10    <!--
11         The INTERNET permission is required for development. Specifically,
12         the Flutter tool needs it to communicate with the running application
13         to allow setting breakpoints, to provide hot reload, etc.
14    -->
15    <uses-permission android:name="android.permission.INTERNET" />
15-->src/debug/AndroidManifest.xml:6:5-66
15-->src/debug/AndroidManifest.xml:6:22-64
16    <uses-permission android:name="android.permission.ACCESS_NETWORK_STATE" />
16-->[:connectivity_plus] AndroidManifest.xml:9:5-79
16-->[:connectivity_plus] AndroidManifest.xml:9:22-76
17
18    <queries>
18-->[net.openid:appauth:0.11.1] AndroidManifest.xml:24:5-32:15
19        <intent>
19-->[net.openid:appauth:0.11.1] AndroidManifest.xml:25:9-31:18
20            <action android:name="android.intent.action.VIEW" />
20-->[net.openid:appauth:0.11.1] AndroidManifest.xml:26:13-65
20-->[net.openid:appauth:0.11.1] AndroidManifest.xml:26:21-62
21
22            <category android:name="android.intent.category.BROWSABLE" />
22-->[net.openid:appauth:0.11.1] AndroidManifest.xml:28:13-74
22-->[net.openid:appauth:0.11.1] AndroidManifest.xml:28:23-71
23
24            <data android:scheme="https" />
24-->[net.openid:appauth:0.11.1] AndroidManifest.xml:30:13-44
24-->[net.openid:appauth:0.11.1] AndroidManifest.xml:30:19-41
25        </intent>
26    </queries>
27
28    <application
29        android:name="android.app.Application"
30        android:appComponentFactory="androidx.core.app.CoreComponentFactory"
30-->[androidx.core:core:1.6.0] AndroidManifest.xml:24:18-86
31        android:debuggable="true"
32        android:icon="@mipmap/ic_launcher"
33        android:label="app" >
34        <activity
35            android:name="com.lemonadesocial.app.MainActivity"
36            android:configChanges="orientation|keyboardHidden|keyboard|screenSize|smallestScreenSize|locale|layoutDirection|fontScale|screenLayout|density|uiMode"
37            android:exported="true"
38            android:hardwareAccelerated="true"
39            android:launchMode="singleTop"
40            android:theme="@style/LaunchTheme"
41            android:windowSoftInputMode="adjustResize" >
42
43            <!--
44                 Specifies an Android theme to apply to this Activity as soon as
45                 the Android process has started. This theme is visible to the user
46                 while the Flutter UI initializes. After that, this theme continues
47                 to determine the Window background behind the Flutter UI.
48            -->
49            <meta-data
50                android:name="io.flutter.embedding.android.NormalTheme"
51                android:resource="@style/NormalTheme" />
52
53            <intent-filter>
54                <action android:name="android.intent.action.MAIN" />
55
56                <category android:name="android.intent.category.LAUNCHER" />
57            </intent-filter>
58        </activity>
59
60        <!-- Flutter web auth -->
61        <activity
62            android:name="com.linusu.flutter_web_auth_2.CallbackActivity"
63            android:exported="true" >
64            <intent-filter android:label="flutter_web_auth_2" >
65                <action android:name="android.intent.action.VIEW" />
65-->[net.openid:appauth:0.11.1] AndroidManifest.xml:26:13-65
65-->[net.openid:appauth:0.11.1] AndroidManifest.xml:26:21-62
66
67                <category android:name="android.intent.category.DEFAULT" />
67-->[net.openid:appauth:0.11.1] AndroidManifest.xml:47:17-76
67-->[net.openid:appauth:0.11.1] AndroidManifest.xml:47:27-73
68                <category android:name="android.intent.category.BROWSABLE" />
68-->[net.openid:appauth:0.11.1] AndroidManifest.xml:28:13-74
68-->[net.openid:appauth:0.11.1] AndroidManifest.xml:28:23-71
69
70                <data
70-->[net.openid:appauth:0.11.1] AndroidManifest.xml:30:13-44
71                    android:host="oauth2"
72                    android:path="/callback"
73                    android:scheme="lemonadesocial" />
73-->[net.openid:appauth:0.11.1] AndroidManifest.xml:30:19-41
74            </intent-filter>
75        </activity>
76        <activity
77            android:name="net.openid.appauth.RedirectUriReceiverActivity"
78            android:exported="true" >
79            <intent-filter>
80                <action android:name="android.intent.action.VIEW" />
80-->[net.openid:appauth:0.11.1] AndroidManifest.xml:26:13-65
80-->[net.openid:appauth:0.11.1] AndroidManifest.xml:26:21-62
81
82                <category android:name="android.intent.category.DEFAULT" />
82-->[net.openid:appauth:0.11.1] AndroidManifest.xml:47:17-76
82-->[net.openid:appauth:0.11.1] AndroidManifest.xml:47:27-73
83                <category android:name="android.intent.category.BROWSABLE" />
83-->[net.openid:appauth:0.11.1] AndroidManifest.xml:28:13-74
83-->[net.openid:appauth:0.11.1] AndroidManifest.xml:28:23-71
84
85                <data
85-->[net.openid:appauth:0.11.1] AndroidManifest.xml:30:13-44
86                    android:host="oauth2"
87                    android:path="/logout"
88                    android:scheme="lemonadesocial" />
88-->[net.openid:appauth:0.11.1] AndroidManifest.xml:30:19-41
89            </intent-filter>
90            <intent-filter>
90-->[net.openid:appauth:0.11.1] AndroidManifest.xml:44:13-51:29
91                <action android:name="android.intent.action.VIEW" />
91-->[net.openid:appauth:0.11.1] AndroidManifest.xml:26:13-65
91-->[net.openid:appauth:0.11.1] AndroidManifest.xml:26:21-62
92
93                <category android:name="android.intent.category.DEFAULT" />
93-->[net.openid:appauth:0.11.1] AndroidManifest.xml:47:17-76
93-->[net.openid:appauth:0.11.1] AndroidManifest.xml:47:27-73
94                <category android:name="android.intent.category.BROWSABLE" />
94-->[net.openid:appauth:0.11.1] AndroidManifest.xml:28:13-74
94-->[net.openid:appauth:0.11.1] AndroidManifest.xml:28:23-71
95
96                <data android:scheme="lemonadesocial://oauth2/logout" />
96-->[net.openid:appauth:0.11.1] AndroidManifest.xml:30:13-44
96-->[net.openid:appauth:0.11.1] AndroidManifest.xml:30:19-41
97            </intent-filter>
98        </activity>
99
100        <!--
101             Don't delete the meta-data below.
102             This is used by the Flutter tool to generate GeneratedPluginRegistrant.java
103        -->
104        <meta-data
105            android:name="flutterEmbedding"
106            android:value="2" />
107
108        <activity
108-->[:url_launcher_android] AndroidManifest.xml:10:9-13:74
109            android:name="io.flutter.plugins.urllauncher.WebViewActivity"
109-->[:url_launcher_android] AndroidManifest.xml:11:13-74
110            android:exported="false"
110-->[:url_launcher_android] AndroidManifest.xml:12:13-37
111            android:theme="@android:style/Theme.NoTitleBar.Fullscreen" />
111-->[:url_launcher_android] AndroidManifest.xml:13:13-71
112
113        <uses-library
113-->[androidx.window:window:1.0.0-beta04] AndroidManifest.xml:25:9-27:40
114            android:name="androidx.window.extensions"
114-->[androidx.window:window:1.0.0-beta04] AndroidManifest.xml:26:13-54
115            android:required="false" />
115-->[androidx.window:window:1.0.0-beta04] AndroidManifest.xml:27:13-37
116        <uses-library
116-->[androidx.window:window:1.0.0-beta04] AndroidManifest.xml:28:9-30:40
117            android:name="androidx.window.sidecar"
117-->[androidx.window:window:1.0.0-beta04] AndroidManifest.xml:29:13-51
118            android:required="false" />
118-->[androidx.window:window:1.0.0-beta04] AndroidManifest.xml:30:13-37
119
120        <activity
120-->[net.openid:appauth:0.11.1] AndroidManifest.xml:35:9-40:77
121            android:name="net.openid.appauth.AuthorizationManagementActivity"
121-->[net.openid:appauth:0.11.1] AndroidManifest.xml:36:13-78
122            android:configChanges="screenSize|smallestScreenSize|screenLayout|orientation|keyboard|keyboardHidden"
122-->[net.openid:appauth:0.11.1] AndroidManifest.xml:37:13-115
123            android:exported="false"
123-->[net.openid:appauth:0.11.1] AndroidManifest.xml:38:13-37
124            android:launchMode="singleTask"
124-->[net.openid:appauth:0.11.1] AndroidManifest.xml:39:13-44
125            android:theme="@style/Theme.AppCompat.Translucent.NoTitleBar" />
125-->[net.openid:appauth:0.11.1] AndroidManifest.xml:40:13-74
126    </application>
127
128</manifest>